<?xml version="1.0" encoding="UTF-8"?>
<testng-results skipped="0" failed="0" ignored="0" total="1" passed="1">
  <reporter-output>
  </reporter-output>
  <suite name="Default suite" duration-ms="11571" started-at="2021-10-24T18:59:11 IST" finished-at="2021-10-24T18:59:23 IST">
    <groups>
    </groups>
    <test name="Default test" duration-ms="11571" started-at="2021-10-24T18:59:11 IST" finished-at="2021-10-24T18:59:23 IST">
      <class name="extent.reports.extentreports">
        <test-method status="PASS" signature="config()[pri:0, instance:extent.reports.extentreports@7cbd213e]" name="config" is-config="true" duration-ms="483" started-at="2021-10-24T18:59:11 IST" finished-at="2021-10-24T18:59:12 IST">
          <reporter-output>
          </reporter-output>
        </test-method> <!-- config -->
        <test-method status="PASS" signature="login()[pri:0, instance:extent.reports.extentreports@7cbd213e]" name="login" duration-ms="11001" started-at="2021-10-24T18:59:12 IST" finished-at="2021-10-24T18:59:23 IST">
          <reporter-output>
          </reporter-output>
        </test-method> <!-- login -->
      </class> <!-- extent.reports.extentreports -->
    </test> <!-- Default test -->
  </suite> <!-- Default suite -->
</testng-results>
